<?xml version="1.0" encoding="UTF-8"?>
<!-- Generated by org.testng.reporters.JUnitXMLReporter -->
<testsuite ignored="0" hostname="DESKTOP-D475RQ6" failures="1" tests="3" name="Test" time="0.112" errors="0" timestamp="2025-07-21T18:23:16 IST">
  <testcase classname="day7b.DemoA" name="testA" time="0.02"/>
  <testcase classname="day7b.DemoB" name="testB" time="0.005"/>
  <testcase classname="day7b.DemoC" name="testC" time="0.013">
    <failure type="java.lang.AssertionError" message="null">
      <![CDATA[java.lang.AssertionError: null
at day7b.DemoC.testC(DemoC.java:13)
at java.base/java.util.ArrayList.forEach(ArrayList.java:1597)
... Removed 27 stack frames]]>
    </failure>
  </testcase> <!-- testC -->
</testsuite> <!-- Test -->
