<?xml version="1.0" encoding="UTF-8"?>
<!-- Generated by org.testng.reporters.JUnitXMLReporter -->
<testsuite ignored="5" hostname="DESKTOP-D475RQ6" failures="0" tests="3" name="Test" time="0.261" errors="0" timestamp="2025-07-03T09:39:00 IST">
  <testcase classname="generic.BaseTest" name="@BeforeMethod preCondition" time="0.033">
    <failure type="java.lang.NumberFormatException" message="For input string: &amp;quot;&amp;quot;">
      <![CDATA[java.lang.NumberFormatException: For input string: ""
at java.base/java.lang.NumberFormatException.forInputString(NumberFormatException.java:67)
at java.base/java.lang.Long.parseLong(Long.java:595)
at java.base/java.lang.Long.parseLong(Long.java:722)
at generic.BaseTest.preCondition(BaseTest.java:70)
at java.base/java.util.ArrayList.forEach(ArrayList.java:1597)
... Removed 29 stack frames]]>
    </failure>
  </testcase> <!-- @BeforeMethod preCondition -->
  <testcase classname="generic.BaseTest" name="@AfterMethod postCondition" time="0.0">
    <skipped/>
  </testcase> <!-- @AfterMethod postCondition -->
  <testcase classname="generic.BaseTest" name="@BeforeMethod preCondition" time="0.0">
    <skipped/>
  </testcase> <!-- @BeforeMethod preCondition -->
  <testcase classname="generic.BaseTest" name="@AfterMethod postCondition" time="0.0">
    <skipped/>
  </testcase> <!-- @AfterMethod postCondition -->
  <testcase classname="generic.BaseTest" name="@BeforeMethod preCondition" time="0.02">
    <failure type="java.lang.NumberFormatException" message="For input string: &amp;quot;&amp;quot;">
      <![CDATA[java.lang.NumberFormatException: For input string: ""
at java.base/java.lang.NumberFormatException.forInputString(NumberFormatException.java:67)
at java.base/java.lang.Long.parseLong(Long.java:595)
at java.base/java.lang.Long.parseLong(Long.java:722)
at generic.BaseTest.preCondition(BaseTest.java:70)
at java.base/java.util.ArrayList.forEach(ArrayList.java:1597)
... Removed 29 stack frames]]>
    </failure>
  </testcase> <!-- @BeforeMethod preCondition -->
  <testcase classname="generic.BaseTest" name="@AfterMethod postCondition" time="0.0">
    <skipped/>
  </testcase> <!-- @AfterMethod postCondition -->
  <testcase classname="script.InvalidLogin2" name="testInvalidLogin" time="0.0">
    <skipped/>
  </testcase> <!-- testInvalidLogin -->
  <testcase classname="script.InvalidLogin2" name="testInvalidLogin" time="0.0">
    <skipped/>
  </testcase> <!-- testInvalidLogin -->
  <testcase classname="script.ValidLogin" name="testValidLogin" time="0.0">
    <skipped/>
  </testcase> <!-- testValidLogin -->
  <testcase classname="generic.BaseTest" name="@BeforeSuite intReport" time="0.0">
    <ignored/>
  </testcase> <!-- @BeforeSuite intReport -->
  <testcase classname="generic.BaseTest" name="@BeforeSuite intReport" time="0.0">
    <ignored/>
  </testcase> <!-- @BeforeSuite intReport -->
  <testcase classname="generic.BaseTest" name="@AfterSuite generateReport" time="0.0">
    <ignored/>
  </testcase> <!-- @AfterSuite generateReport -->
  <testcase classname="script.InvalidLogin" name="testInvalidLogin" time="0.0">
    <ignored/>
  </testcase> <!-- testInvalidLogin -->
  <testcase classname="generic.BaseTest" name="@AfterSuite generateReport" time="0.0">
    <ignored/>
  </testcase> <!-- @AfterSuite generateReport -->
</testsuite> <!-- Test -->
