<?xml version="1.0" encoding="UTF-8"?>
<testng-results ignored="0" total="2" passed="2" failed="0" skipped="0">
  <reporter-output>
  </reporter-output>
  <suite started-at="2025-09-17T20:53:37 IST" name="Suite" finished-at="2025-09-17T20:54:31 IST" duration-ms="54360">
    <groups>
    </groups>
    <test started-at="2025-09-17T20:53:37 IST" name="TestGC" finished-at="2025-09-17T20:54:30 IST" duration-ms="53314">
      <class name="day19.Demo4">
        <test-method signature="test3(java.lang.String)[pri:0, instance:day19.Demo4@7d20d0b]" started-at="2025-09-17T20:53:37 IST" name="test3" finished-at="2025-09-17T20:54:30 IST" duration-ms="53153" status="PASS">
          <params>
            <param index="0">
              <value>
                <![CDATA[chrome]]>
              </value>
            </param>
          </params>
          <reporter-output>
          </reporter-output>
        </test-method> <!-- test3 -->
      </class> <!-- day19.Demo4 -->
    </test> <!-- TestGC -->
    <test started-at="2025-09-17T20:53:37 IST" name="TestFF" finished-at="2025-09-17T20:54:31 IST" duration-ms="54360">
      <class name="day19.Demo4">
        <test-method signature="test3(java.lang.String)[pri:0, instance:day19.Demo4@610f7aa]" started-at="2025-09-17T20:53:37 IST" name="test3" finished-at="2025-09-17T20:54:31 IST" duration-ms="54225" status="PASS">
          <params>
            <param index="0">
              <value>
                <![CDATA[firefox]]>
              </value>
            </param>
          </params>
          <reporter-output>
          </reporter-output>
        </test-method> <!-- test3 -->
      </class> <!-- day19.Demo4 -->
    </test> <!-- TestFF -->
  </suite> <!-- Suite -->
</testng-results>
