<?xml version="1.0" encoding="UTF-8"?>
<testng-results ignored="0" total="3" passed="2" failed="1" skipped="0">
  <reporter-output>
    <line>
      <![CDATA[testA]]>
    </line>
    <line>
      <![CDATA[testB]]>
    </line>
    <line>
      <![CDATA[testC]]>
    </line>
  </reporter-output>
  <suite started-at="2025-07-21T18:23:16 IST" name="Suite" finished-at="2025-07-21T18:23:16 IST" duration-ms="112">
    <groups>
    </groups>
    <test started-at="2025-07-21T18:23:16 IST" name="Test" finished-at="2025-07-21T18:23:16 IST" duration-ms="112">
      <class name="day7b.DemoA">
        <test-method signature="testA()[pri:0, instance:day7b.DemoA@74235045]" started-at="2025-07-21T18:23:16 IST" name="testA" finished-at="2025-07-21T18:23:16 IST" duration-ms="20" status="PASS">
          <reporter-output>
            <line>
              <![CDATA[testA]]>
            </line>
          </reporter-output>
        </test-method> <!-- testA -->
      </class> <!-- day7b.DemoA -->
      <class name="day7b.DemoB">
        <test-method signature="testB()[pri:0, instance:day7b.DemoB@13c9d689]" started-at="2025-07-21T18:23:16 IST" name="testB" finished-at="2025-07-21T18:23:16 IST" duration-ms="5" status="PASS">
          <reporter-output>
            <line>
              <![CDATA[testB]]>
            </line>
          </reporter-output>
        </test-method> <!-- testB -->
      </class> <!-- day7b.DemoB -->
      <class name="day7b.DemoC">
        <test-method signature="testC()[pri:0, instance:day7b.DemoC@3754a4bf]" started-at="2025-07-21T18:23:16 IST" name="testC" finished-at="2025-07-21T18:23:16 IST" duration-ms="13" status="FAIL">
          <exception class="java.lang.AssertionError">
            <message>
              <![CDATA[null]]>
            </message>
            <full-stacktrace>
              <![CDATA[java.lang.AssertionError: null
at org.testng.Assert.fail(Assert.java:111)
at org.testng.Assert.fail(Assert.java:116)
at day7b.DemoC.testC(DemoC.java:13)
at java.base/jdk.internal.reflect.DirectMethodHandleAccessor.invoke(DirectMethodHandleAccessor.java:103)
at java.base/java.lang.reflect.Method.invoke(Method.java:580)
at org.testng.internal.invokers.MethodInvocationHelper.invokeMethod(MethodInvocationHelper.java:139)
at org.testng.internal.invokers.TestInvoker.invokeMethod(TestInvoker.java:664)
at org.testng.internal.invokers.TestInvoker.invokeTestMethod(TestInvoker.java:228)
at org.testng.internal.invokers.MethodRunner.runInSequence(MethodRunner.java:63)
at org.testng.internal.invokers.TestInvoker$MethodInvocationAgent.invoke(TestInvoker.java:961)
at org.testng.internal.invokers.TestInvoker.invokeTestMethods(TestInvoker.java:201)
at org.testng.internal.invokers.TestMethodWorker.invokeTestMethods(TestMethodWorker.java:148)
at org.testng.internal.invokers.TestMethodWorker.run(TestMethodWorker.java:128)
at java.base/java.util.ArrayList.forEach(ArrayList.java:1597)
at org.testng.TestRunner.privateRun(TestRunner.java:819)
at org.testng.TestRunner.run(TestRunner.java:619)
at org.testng.SuiteRunner.runTest(SuiteRunner.java:443)
at org.testng.SuiteRunner.runSequentially(SuiteRunner.java:437)
at org.testng.SuiteRunner.privateRun(SuiteRunner.java:397)
at org.testng.SuiteRunner.run(SuiteRunner.java:336)
at org.testng.SuiteRunnerWorker.runSuite(SuiteRunnerWorker.java:52)
at org.testng.SuiteRunnerWorker.run(SuiteRunnerWorker.java:95)
at org.testng.TestNG.runSuitesSequentially(TestNG.java:1301)
at org.testng.TestNG.runSuitesLocally(TestNG.java:1228)
at org.testng.TestNG.runSuites(TestNG.java:1134)
at org.testng.TestNG.run(TestNG.java:1101)
at org.testng.remote.AbstractRemoteTestNG.run(AbstractRemoteTestNG.java:115)
at org.testng.remote.RemoteTestNG.initAndRun(RemoteTestNG.java:293)
at org.testng.remote.RemoteTestNG.main(RemoteTestNG.java:91)
]]>
            </full-stacktrace>
          </exception> <!-- java.lang.AssertionError -->
          <reporter-output>
            <line>
              <![CDATA[testC]]>
            </line>
          </reporter-output>
        </test-method> <!-- testC -->
      </class> <!-- day7b.DemoC -->
    </test> <!-- Test -->
  </suite> <!-- Suite -->
</testng-results>
